<?xml version="1.0" encoding="UTF-8" ?>
<testsuite tests="3" failures="0" name="io.swagger.api.ProductOfferingQualificationApiTest" time="0.015" errors="0" skipped="0">
  <properties>
[...]
</properties>
  <testcase classname="io.swagger.api.ProductOfferingQualificationApiTest" name="productOfferingQualificationCreateTest" time="0.007"/>
  <testcase classname="io.swagger.api.ProductOfferingQualificationApiTest" name="productOfferingQualificationFindTest" time="0.004"/>
  <testcase classname="io.swagger.api.ProductOfferingQualificationApiTest" name="productOfferingQualificationGetTest" time="0.004"/>
</testsuite>